# JRE version: Java(TM) SE Runtime Environment (24.0.1+9) (build 24.0.1+9-30)
# Java VM: Java HotSpot(TM) 64-Bit Server VM (24.0.1+9-30, mixed mode, emulated-client, sharing, tiered, compressed oops, compressed class ptrs, g1 gc, windows-amd64)
GC Precious Log:
 CardTable entry size: 512
 Card Set container configuration: InlinePtr #cards 4 size 8 Array Of Cards #cards 32 size 80 Howl #buckets 8 coarsen threshold 7372 Howl Bitmap #cards 1024 size 144 coarsen threshold 921 Card regions per heap region 1 cards per card region 8192
 CPUs: 12 total, 12 available
 Memory: 32711M
 Large Page Support: Disabled
 NUMA Support: Disabled
 Compressed Oops: Enabled (Zero based)
 Heap Region Size: 4M
 Heap Min Capacity: 8M
 Heap Initial Capacity: 512M
 Heap Max Capacity: 8180M
 Pre-touch: Disabled
 Parallel Workers: 10
 Concurrent Workers: 3
 Concurrent Refinement Workers: 10
 Periodic GC: Disabled
Heap:
 garbage-first heap   total reserved 8376320K, committed 151552K, used 53753K [0x0000000600c00000, 0x0000000800000000)
  region size 4096K, 3 young (12288K), 2 survivors (8192K)
 Metaspace       used 55381K, committed 56192K, reserved 1114112K
  class space    used 6420K, committed 6848K, reserved 1048576K
GC Heap History (20 events):
Event: 996.382 GC heap before
{Heap before GC invocations=17 (full 0):
 garbage-first heap   total reserved 8376320K, committed 151552K, used 113194K [0x0000000600c00000, 0x0000000800000000)
  region size 4096K, 18 young (73728K), 3 survivors (12288K)
 Metaspace       used 54365K, committed 55488K, reserved 1114112K
  class space    used 6283K, committed 6720K, reserved 1048576K
}
Event: 996.385 GC heap after
{Heap after GC invocations=18 (full 0):
 garbage-first heap   total reserved 8376320K, committed 151552K, used 52518K [0x0000000600c00000, 0x0000000800000000)
  region size 4096K, 1 young (4096K), 1 survivors (4096K)
 Metaspace       used 54365K, committed 55488K, reserved 1114112K
  class space    used 6283K, committed 6720K, reserved 1048576K
}
Event: 996.482 GC heap before
{Heap before GC invocations=18 (full 0):
 garbage-first heap   total reserved 8376320K, committed 151552K, used 113958K [0x0000000600c00000, 0x0000000800000000)
  region size 4096K, 16 young (65536K), 1 survivors (4096K)
 Metaspace       used 54365K, committed 55488K, reserved 1114112K
  class space    used 6283K, committed 6720K, reserved 1048576K
}
Event: 996.483 GC heap after
{Heap after GC invocations=19 (full 0):
 garbage-first heap   total reserved 8376320K, committed 151552K, used 52262K [0x0000000600c00000, 0x0000000800000000)
  region size 4096K, 1 young (4096K), 1 survivors (4096K)
 Metaspace       used 54365K, committed 55488K, reserved 1114112K
  class space    used 6283K, committed 6720K, reserved 1048576K
}
Event: 996.598 GC heap before
{Heap before GC invocations=19 (full 0):
 garbage-first heap   total reserved 8376320K, committed 151552K, used 117798K [0x0000000600c00000, 0x0000000800000000)
  region size 4096K, 17 young (69632K), 1 survivors (4096K)
 Metaspace       used 54375K, committed 55488K, reserved 1114112K
  class space    used 6286K, committed 6720K, reserved 1048576K
}
Event: 996.599 GC heap after
{Heap after GC invocations=20 (full 0):
 garbage-first heap   total reserved 8376320K, committed 151552K, used 52027K [0x0000000600c00000, 0x0000000800000000)
  region size 4096K, 1 young (4096K), 1 survivors (4096K)
 Metaspace       used 54375K, committed 55488K, reserved 1114112K
  class space    used 6286K, committed 6720K, reserved 1048576K
}
Event: 996.719 GC heap before
{Heap before GC invocations=20 (full 0):
 garbage-first heap   total reserved 8376320K, committed 151552K, used 121659K [0x0000000600c00000, 0x0000000800000000)
  region size 4096K, 18 young (73728K), 1 survivors (4096K)
 Metaspace       used 54376K, committed 55488K, reserved 1114112K
  class space    used 6286K, committed 6720K, reserved 1048576K
}
Event: 996.721 GC heap after
{Heap after GC invocations=21 (full 0):
 garbage-first heap   total reserved 8376320K, committed 151552K, used 52057K [0x0000000600c00000, 0x0000000800000000)
  region size 4096K, 1 young (4096K), 1 survivors (4096K)
 Metaspace       used 54376K, committed 55488K, reserved 1114112K
  class space    used 6286K, committed 6720K, reserved 1048576K
}
Event: 996.849 GC heap before
{Heap before GC invocations=21 (full 0):
 garbage-first heap   total reserved 8376320K, committed 151552K, used 125785K [0x0000000600c00000, 0x0000000800000000)
  region size 4096K, 19 young (77824K), 1 survivors (4096K)
 Metaspace       used 54376K, committed 55488K, reserved 1114112K
  class space    used 6286K, committed 6720K, reserved 1048576K
}
Event: 996.850 GC heap after
{Heap after GC invocations=22 (full 0):
 garbage-first heap   total reserved 8376320K, committed 151552K, used 51651K [0x0000000600c00000, 0x0000000800000000)
  region size 4096K, 1 young (4096K), 1 survivors (4096K)
 Metaspace       used 54376K, committed 55488K, reserved 1114112K
  class space    used 6286K, committed 6720K, reserved 1048576K
}
Event: 996.980 GC heap before
{Heap before GC invocations=22 (full 0):
 garbage-first heap   total reserved 8376320K, committed 151552K, used 129475K [0x0000000600c00000, 0x0000000800000000)
  region size 4096K, 20 young (81920K), 1 survivors (4096K)
 Metaspace       used 54376K, committed 55488K, reserved 1114112K
  class space    used 6286K, committed 6720K, reserved 1048576K
}
Event: 996.981 GC heap after
{Heap after GC invocations=23 (full 0):
 garbage-first heap   total reserved 8376320K, committed 151552K, used 51923K [0x0000000600c00000, 0x0000000800000000)
  region size 4096K, 1 young (4096K), 1 survivors (4096K)
 Metaspace       used 54376K, committed 55488K, reserved 1114112K
  class space    used 6286K, committed 6720K, reserved 1048576K
}
Event: 997.110 GC heap before
{Heap before GC invocations=23 (full 0):
 garbage-first heap   total reserved 8376320K, committed 151552K, used 129747K [0x0000000600c00000, 0x0000000800000000)
  region size 4096K, 20 young (81920K), 1 survivors (4096K)
 Metaspace       used 54376K, committed 55488K, reserved 1114112K
  class space    used 6286K, committed 6720K, reserved 1048576K
}
Event: 997.112 GC heap after
{Heap after GC invocations=24 (full 0):
 garbage-first heap   total reserved 8376320K, committed 151552K, used 51960K [0x0000000600c00000, 0x0000000800000000)
  region size 4096K, 1 young (4096K), 1 survivors (4096K)
 Metaspace       used 54376K, committed 55488K, reserved 1114112K
  class space    used 6286K, committed 6720K, reserved 1048576K
}
Event: 997.229 GC heap before
{Heap before GC invocations=24 (full 0):
 garbage-first heap   total reserved 8376320K, committed 151552K, used 129784K [0x0000000600c00000, 0x0000000800000000)
  region size 4096K, 20 young (81920K), 1 survivors (4096K)
 Metaspace       used 54376K, committed 55488K, reserved 1114112K
  class space    used 6286K, committed 6720K, reserved 1048576K
}
Event: 997.230 GC heap after
{Heap after GC invocations=25 (full 0):
 garbage-first heap   total reserved 8376320K, committed 151552K, used 52055K [0x0000000600c00000, 0x0000000800000000)
  region size 4096K, 1 young (4096K), 1 survivors (4096K)
 Metaspace       used 54376K, committed 55488K, reserved 1114112K
  class space    used 6286K, committed 6720K, reserved 1048576K
}
Event: 997.352 GC heap before
{Heap before GC invocations=25 (full 0):
 garbage-first heap   total reserved 8376320K, committed 151552K, used 129879K [0x0000000600c00000, 0x0000000800000000)
  region size 4096K, 20 young (81920K), 1 survivors (4096K)
 Metaspace       used 54376K, committed 55488K, reserved 1114112K
  class space    used 6286K, committed 6720K, reserved 1048576K
}
Event: 997.354 GC heap after
{Heap after GC invocations=26 (full 0):
 garbage-first heap   total reserved 8376320K, committed 151552K, used 52293K [0x0000000600c00000, 0x0000000800000000)
  region size 4096K, 1 young (4096K), 1 survivors (4096K)
 Metaspace       used 54376K, committed 55488K, reserved 1114112K
  class space    used 6286K, committed 6720K, reserved 1048576K
}
Event: 1130.534 GC heap before
{Heap before GC invocations=26 (full 0):
 garbage-first heap   total reserved 8376320K, committed 151552K, used 130117K [0x0000000600c00000, 0x0000000800000000)
  region size 4096K, 20 young (81920K), 1 survivors (4096K)
 Metaspace       used 55337K, committed 56128K, reserved 1114112K
  class space    used 6414K, committed 6848K, reserved 1048576K
}
Event: 1130.535 GC heap after
{Heap after GC invocations=27 (full 0):
 garbage-first heap   total reserved 8376320K, committed 151552K, used 53753K [0x0000000600c00000, 0x0000000800000000)
  region size 4096K, 2 young (8192K), 2 survivors (8192K)
 Metaspace       used 55337K, committed 56128K, reserved 1114112K
  class space    used 6414K, committed 6848K, reserved 1048576K
}

